Project name : SampleProject.gmp 	 2018-04-13 12:07 	 by GRMCore2018
Output data : All the results for watch point 'MD'

DataTime	Discharge[cms]	BaseFlowDepth[m]	SoilWaterContent[m]	SoilSatR	RFGrid	RFUpMean	FCData	FCResStor
0.00	   94.63	0.5823	0.1043	1.0000	0.0000	0.0000	0.00	0.00
1.00	    94.7	0.6064	0.1043	1.0000	0.2000	0.2000	0.00	0.00
2.00	    95.2	0.6198	0.1043	1.0000	0.2000	0.2000	0.00	0.00
3.00	   96.04	0.6284	0.1043	1.0000	0.2600	0.2600	0.00	0.00
4.00	   96.72	0.6344	0.1043	1.0000	0.2600	0.2600	0.00	0.00
5.00	   96.96	0.6386	0.1043	1.0000	0.4700	0.4700	0.00	0.00
6.00	   96.47	0.6406	0.1043	1.0000	0.2000	0.2000	0.00	0.00
7.00	   95.34	0.6402	0.1043	1.0000	0.0000	0.0000	0.00	0.00
8.00	   94.14	0.6377	0.1043	1.0000	0.5300	0.5300	0.00	0.00
9.00	   93.22	0.6343	0.1043	1.0000	0.3800	0.3800	0.00	0.00
10.00	   93.01	0.6314	0.1043	1.0000	0.5900	0.5900	0.00	0.00
11.00	   93.26	0.6299	0.1043	1.0000	0.4800	0.4800	0.00	0.00
12.00	    94.2	0.6303	0.1043	1.0000	2.6100	2.6100	0.00	0.00
13.00	   95.82	0.6329	0.1043	1.0000	4.6500	4.6500	0.00	0.00
14.00	    97.8	0.6376	0.1043	1.0000	4.7200	4.7200	0.00	0.00
15.00	  100.31	0.6441	0.1043	1.0000	4.2200	4.2200	0.00	0.00
16.00	   103.2	0.6524	0.1043	1.0000	2.3200	2.3200	0.00	0.00
17.00	  107.98	0.6633	0.1043	1.0000	3.5800	3.5800	0.00	0.00
18.00	  116.48	0.6797	0.1043	1.0000	3.3200	3.3200	0.00	0.00
19.00	  131.13	0.7059	0.1043	1.0000	2.0500	2.0500	0.00	0.00
20.00	  154.68	0.7462	0.1043	1.0000	7.7700	7.7700	0.00	0.00
21.00	  186.52	0.8007	0.1043	1.0000	10.4000	10.4000	0.00	0.00
22.00	  242.97	0.8625	0.1043	1.0000	8.9200	8.9200	0.00	0.00
23.00	  369.69	0.9244	0.1043	1.0000	9.7000	9.7000	0.00	0.00
24.00	  601.67	0.9864	0.1043	1.0000	8.6500	8.6500	0.00	0.00
25.00	  814.54	1.0487	0.1043	1.0000	7.3200	7.3200	0.00	0.00
26.00	  952.37	1.1110	0.1043	1.0000	4.4100	4.4100	0.00	0.00
27.00	  977.68	1.1734	0.1043	1.0000	1.3800	1.3800	0.00	0.00
28.00	  933.02	1.2358	0.1043	1.0000	2.0300	2.0300	0.00	0.00
29.00	   849.6	1.2980	0.1043	1.0000	2.7000	2.7000	0.00	0.00
30.00	  749.42	1.3602	0.1043	1.0000	1.5400	1.5400	0.00	0.00
31.00	  652.72	1.4222	0.1043	1.0000	0.1600	0.1600	0.00	0.00
32.00	  568.79	1.4841	0.1043	1.0000	0.4600	0.4600	0.00	0.00
33.00	  498.67	1.5413	0.1043	1.0000	0.1200	0.1200	0.00	0.00
34.00	  438.98	1.5673	0.1043	1.0000	0.2100	0.2100	0.00	0.00
35.00	  385.72	1.5618	0.1043	1.0000	0.1500	0.1500	0.00	0.00
36.00	  339.49	1.5297	0.1043	1.0000	0.3300	0.3300	0.00	0.00
37.00	  301.03	1.4774	0.1043	1.0000	0.3300	0.3300	0.00	0.00
38.00	   269.7	1.4119	0.1043	1.0000	0.0800	0.0800	0.00	0.00
39.00	  244.26	1.3400	0.1043	1.0000	0.0000	0.0000	0.00	0.00
40.00	  223.57	1.2669	0.1043	1.0000	0.0100	0.0100	0.00	0.00
41.00	   206.7	1.1966	0.1043	1.0000	0.0000	0.0000	0.00	0.00
42.00	  192.77	1.1317	0.1043	1.0000	0.1200	0.1200	0.00	0.00
43.00	  181.03	1.0732	0.1043	1.0000	0.3700	0.3700	0.00	0.00
44.00	  170.86	1.0214	0.1043	1.0000	0.4800	0.4800	0.00	0.00
45.00	  161.76	0.9755	0.1043	1.0000	0.1400	0.1400	0.00	0.00
46.00	  153.64	0.9349	0.1043	1.0000	0.2100	0.2100	0.00	0.00
47.00	  146.47	0.8988	0.1043	1.0000	0.3200	0.3200	0.00	0.00
48.00	  140.14	0.8670	0.1043	1.0000	0.1800	0.1800	0.00	0.00
49.00	   134.6	0.8388	0.1043	1.0000	0.0500	0.0500	0.00	0.00
50.00	  129.78	0.8141	0.1043	1.0000	0.0000	0.0000	0.00	0.00
51.00	  125.56	0.7924	0.1043	1.0000	0.0000	0.0000	0.00	0.00
52.00	  121.82	0.7734	0.1043	1.0000	0.0000	0.0000	0.00	0.00
53.00	  118.48	0.7566	0.1043	1.0000	0.0000	0.0000	0.00	0.00
54.00	  115.46	0.7417	0.1043	1.0000	0.0000	0.0000	0.00	0.00
55.00	  112.71	0.7284	0.1043	1.0000	0.0000	0.0000	0.00	0.00
56.00	  110.18	0.7163	0.1043	1.0000	0.0000	0.0000	0.00	0.00
57.00	  107.84	0.7054	0.1043	1.0000	0.0000	0.0000	0.00	0.00
58.00	  105.66	0.6953	0.1043	1.0000	0.0000	0.0000	0.00	0.00
59.00	  103.65	0.6860	0.1043	1.0000	0.0000	0.0000	0.00	0.00
60.00	  101.78	0.6774	0.1043	1.0000	0.0000	0.0000	0.00	0.00
61.00	  100.04	0.6693	0.1043	1.0000	0.0000	0.0000	0.00	0.00
62.00	   98.42	0.6619	0.1043	1.0000	0.0000	0.0000	0.00	0.00
63.00	   96.91	0.6549	0.1043	1.0000	0.0000	0.0000	0.00	0.00
64.00	   95.51	0.6484	0.1043	1.0000	0.0000	0.0000	0.00	0.00
65.00	   94.19	0.6423	0.1043	1.0000	0.0000	0.0000	0.00	0.00
66.00	   92.96	0.6367	0.1043	1.0000	0.0000	0.0000	0.00	0.00
67.00	   91.81	0.6313	0.1043	1.0000	0.0000	0.0000	0.00	0.00
68.00	   90.72	0.6263	0.1043	1.0000	0.0000	0.0000	0.00	0.00
69.00	   89.69	0.6216	0.1043	1.0000	0.0000	0.0000	0.00	0.00
70.00	   88.71	0.6171	0.1043	1.0000	0.0000	0.0000	0.00	0.00
71.00	   87.79	0.6128	0.1043	1.0000	0.0000	0.0000	0.00	0.00
72.00	   86.91	0.6088	0.1043	1.0000	0.0000	0.0000	0.00	0.00
73.00	   86.07	0.6049	0.1043	1.0000	0.0000	0.0000	0.00	0.00
74.00	   85.27	0.6013	0.1043	1.0000	0.0000	0.0000	0.00	0.00
75.00	    84.5	0.5977	0.1043	1.0000	0.0000	0.0000	0.00	0.00
76.00	   83.77	0.5944	0.1043	1.0000	0.0000	0.0000	0.00	0.00
77.00	   83.07	0.5912	0.1043	1.0000	0.0000	0.0000	0.00	0.00
78.00	   82.39	0.5880	0.1043	1.0000	0.0000	0.0000	0.00	0.00
79.00	   81.74	0.5851	0.1043	1.0000	0.0000	0.0000	0.00	0.00
80.00	   81.11	0.5822	0.1043	1.0000	0.0000	0.0000	0.00	0.00
