Project name : GHG500.gmp 	 2018-04-13 12:03 	 by GRMCore2018
Output data : All the results for watch point 'GHG_gh'

DataTime	Discharge[cms]	BaseFlowDepth[m]	SoilWaterContent[m]	SoilSatR	RFGrid	RFUpMean	FCData	FCResStor
2016-09-02 16:00	    8.45	0.3324	0.1043	1.0000	0.0000	0.0047	0.00	0.00
2016-09-02 16:10	    8.55	0.3425	0.1043	1.0000	0.0000	0.0004	0.00	0.00
2016-09-02 16:20	    8.69	0.3508	0.1043	1.0000	0.0000	0.0001	0.00	0.00
2016-09-02 16:30	    8.85	0.3580	0.1043	1.0000	0.1000	0.0280	0.00	0.00
2016-09-02 16:40	    9.03	0.3645	0.1043	1.0000	0.4000	0.1599	0.00	0.00
2016-09-02 16:50	    9.22	0.3706	0.1043	1.0000	0.2000	0.2074	0.00	0.00
2016-09-02 17:00	    9.41	0.3763	0.1043	1.0000	0.1000	0.1411	0.00	0.00
2016-09-02 17:10	     9.6	0.3818	0.1043	1.0000	0.3000	0.1646	0.00	0.00
2016-09-02 17:20	    9.81	0.3872	0.1043	1.0000	0.5000	0.1472	0.00	0.00
2016-09-02 17:30	   10.01	0.3925	0.1043	1.0000	0.3000	0.1425	0.00	0.00
2016-09-02 17:40	   10.22	0.3977	0.1043	1.0000	0.3000	0.1360	0.00	0.00
2016-09-02 17:50	   10.41	0.4028	0.1043	1.0000	0.2000	0.1066	0.00	0.00
2016-09-02 18:00	   10.61	0.4078	0.1043	1.0000	0.2000	0.1853	0.00	0.00
2016-09-02 18:10	    10.8	0.4127	0.1043	1.0000	0.1000	0.2564	0.00	0.00
2016-09-02 18:20	   10.99	0.4176	0.1043	1.0000	0.0000	0.1523	0.00	0.00
2016-09-02 18:30	   11.19	0.4223	0.1043	1.0000	0.1000	0.1942	0.00	0.00
2016-09-02 18:40	   11.38	0.4270	0.1043	1.0000	0.1000	0.3284	0.00	0.00
2016-09-02 18:50	   11.58	0.4317	0.1043	1.0000	0.2000	0.3605	0.00	0.00
2016-09-02 19:00	   11.79	0.4364	0.1043	1.0000	0.2000	0.2659	0.00	0.00
2016-09-02 19:10	   12.01	0.4410	0.1043	1.0000	0.5000	0.3059	0.00	0.00
2016-09-02 19:20	   12.24	0.4458	0.1043	1.0000	0.6000	0.2850	0.00	0.00
2016-09-02 19:30	   12.46	0.4506	0.1043	1.0000	0.3000	0.2248	0.00	0.00
2016-09-02 19:40	   12.71	0.4554	0.1043	1.0000	0.6000	0.2569	0.00	0.00
2016-09-02 19:50	   12.96	0.4604	0.1043	1.0000	0.5000	0.2994	0.00	0.00
2016-09-02 20:00	   13.23	0.4654	0.1043	1.0000	0.8000	0.4022	0.00	0.00
2016-09-02 20:10	    13.5	0.4707	0.1043	1.0000	0.3000	0.4004	0.00	0.00
2016-09-02 20:20	   13.76	0.4760	0.1043	1.0000	0.1000	0.2463	0.00	0.00
2016-09-02 20:30	   14.04	0.4813	0.1043	1.0000	0.2000	0.2982	0.00	0.00
2016-09-02 20:40	   14.32	0.4868	0.1043	1.0000	0.1000	0.3857	0.00	0.00
2016-09-02 20:50	   14.61	0.4923	0.1043	1.0000	0.2000	0.4577	0.00	0.00
2016-09-02 21:00	   14.91	0.4979	0.1043	1.0000	0.2000	0.3831	0.00	0.00
2016-09-02 21:10	   15.23	0.5036	0.1043	1.0000	0.5000	0.2764	0.00	0.00
2016-09-02 21:20	   15.57	0.5095	0.1043	1.0000	0.6000	0.2607	0.00	0.00
2016-09-02 21:30	   15.96	0.5155	0.1043	1.0000	1.3000	0.1568	0.00	0.00
2016-09-02 21:40	   16.31	0.5218	0.1043	1.0000	0.6000	0.1273	0.00	0.00
2016-09-02 21:50	   16.66	0.5282	0.1043	1.0000	0.2000	0.1968	0.00	0.00
2016-09-02 22:00	   17.02	0.5347	0.1043	1.0000	0.2000	0.3008	0.00	0.00
2016-09-02 22:10	   17.38	0.5412	0.1043	1.0000	0.0000	0.2460	0.00	0.00
2016-09-02 22:20	   17.74	0.5478	0.1043	1.0000	0.0000	0.1394	0.00	0.00
2016-09-02 22:30	   18.11	0.5544	0.1043	1.0000	0.1000	0.2044	0.00	0.00
2016-09-02 22:40	   18.49	0.5611	0.1043	1.0000	0.3000	0.3445	0.00	0.00
2016-09-02 22:50	   18.87	0.5679	0.1043	1.0000	0.1000	0.2713	0.00	0.00
2016-09-02 23:00	   19.25	0.5746	0.1043	1.0000	0.1000	0.2361	0.00	0.00
2016-09-02 23:10	   19.72	0.5814	0.1043	1.0000	1.5000	0.3952	0.00	0.00
2016-09-02 23:20	   20.25	0.5886	0.1043	1.0000	2.1000	0.5838	0.00	0.00
2016-09-02 23:30	    20.7	0.5960	0.1043	1.0000	0.4000	0.4866	0.00	0.00
2016-09-02 23:40	   21.18	0.6035	0.1043	1.0000	0.3000	0.3937	0.00	0.00
2016-09-02 23:50	   21.69	0.6111	0.1043	1.0000	0.3000	0.3459	0.00	0.00
2016-09-03 00:00	   22.23	0.6189	0.1043	1.0000	0.3000	0.2964	0.00	0.00
2016-09-03 00:10	   22.79	0.6269	0.1043	1.0000	0.2000	0.2898	0.00	0.00
2016-09-03 00:20	   23.37	0.6351	0.1043	1.0000	0.3000	0.3439	0.00	0.00
2016-09-03 00:30	   23.96	0.6435	0.1043	1.0000	0.2000	0.3722	0.00	0.00
2016-09-03 00:40	   24.58	0.6520	0.1043	1.0000	0.4000	0.4143	0.00	0.00
2016-09-03 00:50	   25.21	0.6608	0.1043	1.0000	0.2995	0.4594	0.00	0.00
2016-09-03 01:00	   25.87	0.6697	0.1043	1.0000	0.3983	0.4863	0.00	0.00
2016-09-03 01:10	   26.56	0.6788	0.1043	1.0000	0.2994	0.2588	0.00	0.00
2016-09-03 01:20	   27.25	0.6881	0.1043	1.0000	0.1701	0.2787	0.00	0.00
2016-09-03 01:30	   27.99	0.6977	0.1043	1.0000	0.2350	0.3030	0.00	0.00
2016-09-03 01:40	   28.76	0.7074	0.1043	1.0000	0.2935	0.3171	0.00	0.00
2016-09-03 01:50	   29.58	0.7174	0.1043	1.0000	0.4022	0.3485	0.00	0.00
2016-09-03 02:00	   30.42	0.7276	0.1043	1.0000	0.3972	0.3842	0.00	0.00
2016-09-03 02:10	   31.32	0.7382	0.1043	1.0000	0.4493	0.4554	0.00	0.00
2016-09-03 02:20	   32.28	0.7490	0.1043	1.0000	0.4126	0.3858	0.00	0.00
2016-09-03 02:30	   33.28	0.7601	0.1043	1.0000	0.2665	0.4054	0.00	0.00
2016-09-03 02:40	   34.31	0.7716	0.1043	1.0000	0.1822	0.3971	0.00	0.00
2016-09-03 02:50	   35.44	0.7834	0.1043	1.0000	0.4334	0.3885	0.00	0.00
2016-09-03 03:00	   36.66	0.7956	0.1043	1.0000	0.7209	0.6221	0.00	0.00
2016-09-03 03:10	   37.95	0.8082	0.1043	1.0000	0.3787	0.7205	0.00	0.00
2016-09-03 03:20	   39.33	0.8213	0.1043	1.0000	0.5273	1.0483	0.00	0.00
2016-09-03 03:30	   40.84	0.8349	0.1043	1.0000	0.5110	0.7628	0.00	0.00
2016-09-03 03:40	    42.5	0.8491	0.1043	1.0000	0.6921	0.9363	0.00	0.00
2016-09-03 03:50	   44.34	0.8639	0.1043	1.0000	0.5725	0.7255	0.00	0.00
2016-09-03 04:00	   46.37	0.8792	0.1043	1.0000	0.3176	0.5784	0.00	0.00
2016-09-03 04:10	   48.67	0.8946	0.1043	1.0000	0.2241	0.4484	0.00	0.00
2016-09-03 04:20	   51.25	0.9099	0.1043	1.0000	0.1609	0.2725	0.00	0.00
2016-09-03 04:30	   54.17	0.9253	0.1043	1.0000	0.2726	0.1839	0.00	0.00
2016-09-03 04:40	   57.41	0.9407	0.1043	1.0000	0.0775	0.1455	0.00	0.00
2016-09-03 04:50	   61.07	0.9562	0.1043	1.0000	0.1655	0.2379	0.00	0.00
2016-09-03 05:00	   65.22	0.9716	0.1043	1.0000	0.4372	0.4237	0.00	0.00
2016-09-03 05:10	   70.01	0.9872	0.1043	1.0000	0.9753	0.6671	0.00	0.00
2016-09-03 05:20	   75.54	1.0027	0.1043	1.0000	0.8965	0.8816	0.00	0.00
2016-09-03 05:30	   82.02	1.0182	0.1043	1.0000	0.7055	1.1547	0.00	0.00
2016-09-03 05:40	   89.69	1.0338	0.1043	1.0000	0.6053	1.2466	0.00	0.00
2016-09-03 05:50	    98.8	1.0493	0.1043	1.0000	0.4298	1.0922	0.00	0.00
2016-09-03 06:00	  109.64	1.0646	0.1043	1.0000	0.4784	0.8857	0.00	0.00
2016-09-03 06:10	  122.81	1.0800	0.1043	1.0000	0.4469	0.7814	0.00	0.00
2016-09-03 06:20	  138.96	1.0955	0.1043	1.0000	0.3564	0.4585	0.00	0.00
2016-09-03 06:30	  158.87	1.1112	0.1043	1.0000	0.7483	0.4361	0.00	0.00
2016-09-03 06:40	  183.44	1.1270	0.1043	1.0000	1.2485	0.4667	0.00	0.00
2016-09-03 06:50	   213.6	1.1430	0.1043	1.0000	1.6445	0.7154	0.00	0.00
2016-09-03 07:00	  249.83	1.1591	0.1043	1.0000	0.9380	0.6939	0.00	0.00
2016-09-03 07:10	  291.65	1.1750	0.1043	1.0000	0.2152	0.3689	0.00	0.00
2016-09-03 07:20	  338.74	1.1911	0.1043	1.0000	0.2569	0.3073	0.00	0.00
2016-09-03 07:30	  389.77	1.2073	0.1043	1.0000	0.1322	0.1234	0.00	0.00
2016-09-03 07:40	  442.79	1.2236	0.1043	1.0000	0.1140	0.0974	0.00	0.00
2016-09-03 07:50	  496.19	1.2401	0.1043	1.0000	0.1573	0.0640	0.00	0.00
2016-09-03 08:00	   549.2	1.2566	0.1043	1.0000	0.0000	0.0196	0.00	0.00
2016-09-03 08:10	  601.54	1.2733	0.1043	1.0000	0.0038	0.0209	0.00	0.00
2016-09-03 08:20	  652.79	1.2902	0.1043	1.0000	0.1808	0.0425	0.00	0.00
2016-09-03 08:30	  702.54	1.3071	0.1043	1.0000	0.4399	0.1182	0.00	0.00
2016-09-03 08:40	  749.33	1.3242	0.1043	1.0000	0.1640	0.1957	0.00	0.00
2016-09-03 08:50	  791.89	1.3413	0.1043	1.0000	0.0000	0.0855	0.00	0.00
2016-09-03 09:00	  828.78	1.3586	0.1043	1.0000	0.0000	0.0339	0.00	0.00
2016-09-03 09:10	  859.28	1.3758	0.1043	1.0000	0.0000	0.0115	0.00	0.00
2016-09-03 09:20	  882.72	1.3930	0.1043	1.0000	0.0090	0.0042	0.00	0.00
2016-09-03 09:30	  899.35	1.4102	0.1043	1.0000	0.0600	0.0051	0.00	0.00
2016-09-03 09:40	   909.3	1.4275	0.1043	1.0000	0.0000	0.0030	0.00	0.00
2016-09-03 09:50	   912.8	1.4448	0.1043	1.0000	0.0000	0.0054	0.00	0.00
2016-09-03 10:00	  910.46	1.4620	0.1043	1.0000	0.0000	0.0009	0.00	0.00
2016-09-03 10:10	  902.92	1.4792	0.1043	1.0000	0.0000	0.0009	0.00	0.00
2016-09-03 10:20	  890.81	1.4965	0.1043	1.0000	0.0000	0.0032	0.00	0.00
2016-09-03 10:30	  874.82	1.5137	0.1043	1.0000	0.0000	0.0093	0.00	0.00
2016-09-03 10:40	   855.7	1.5308	0.1043	1.0000	0.0000	0.0085	0.00	0.00
2016-09-03 10:50	  834.19	1.5480	0.1043	1.0000	0.0000	0.0072	0.00	0.00
2016-09-03 11:00	  810.94	1.5650	0.1043	1.0000	0.0122	0.0072	0.00	0.00
2016-09-03 11:10	   786.5	1.5820	0.1043	1.0000	0.0657	0.0101	0.00	0.00
2016-09-03 11:20	  761.29	1.5990	0.1043	1.0000	0.0000	0.0063	0.00	0.00
2016-09-03 11:30	  735.77	1.6159	0.1043	1.0000	0.0000	0.0067	0.00	0.00
2016-09-03 11:40	  710.26	1.6328	0.1043	1.0000	0.0146	0.0127	0.00	0.00
2016-09-03 11:50	  685.04	1.6497	0.1043	1.0000	0.1060	0.0602	0.00	0.00
2016-09-03 12:00	  660.37	1.6664	0.1043	1.0000	0.2075	0.1810	0.00	0.00
2016-09-03 12:10	  636.27	1.6832	0.1043	1.0000	0.0049	0.1717	0.00	0.00
2016-09-03 12:20	  612.95	1.6999	0.1043	1.0000	0.1045	0.1107	0.00	0.00
2016-09-03 12:30	  590.46	1.7165	0.1043	1.0000	0.1711	0.1335	0.00	0.00
2016-09-03 12:40	  568.83	1.7331	0.1043	1.0000	0.1107	0.1230	0.00	0.00
2016-09-03 12:50	  548.09	1.7497	0.1043	1.0000	0.1655	0.1140	0.00	0.00
2016-09-03 13:00	  528.23	1.7662	0.1043	1.0000	0.1097	0.0973	0.00	0.00
2016-09-03 13:10	   509.3	1.7826	0.1043	1.0000	0.0758	0.1185	0.00	0.00
2016-09-03 13:20	  491.19	1.7990	0.1043	1.0000	0.0000	0.0639	0.00	0.00
2016-09-03 13:30	  473.96	1.8154	0.1043	1.0000	0.0000	0.0117	0.00	0.00
2016-09-03 13:40	  457.56	1.8317	0.1043	1.0000	0.0000	0.0000	0.00	0.00
2016-09-03 13:50	  441.93	1.8480	0.1043	1.0000	0.0000	0.0000	0.00	0.00
2016-09-03 14:00	  427.06	1.8643	0.1043	1.0000	0.0000	0.0000	0.00	0.00
2016-09-03 14:10	   412.9	1.8805	0.1043	1.0000	0.0000	0.0000	0.00	0.00
2016-09-03 14:20	  399.42	1.8967	0.1043	1.0000	0.0000	0.0000	0.00	0.00
2016-09-03 14:30	  386.61	1.9128	0.1043	1.0000	0.0000	0.0000	0.00	0.00
2016-09-03 14:40	   374.4	1.9289	0.1043	1.0000	0.0000	0.0000	0.00	0.00
2016-09-03 14:50	  362.81	1.9449	0.1043	1.0000	0.0000	0.0000	0.00	0.00
2016-09-03 15:00	  351.76	1.9610	0.1043	1.0000	0.0000	0.0000	0.00	0.00
2016-09-03 15:10	  341.32	1.9768	0.1043	1.0000	0.0000	0.0000	0.00	0.00
2016-09-03 15:20	  331.42	1.9925	0.1043	1.0000	0.0000	0.0000	0.00	0.00
2016-09-03 15:30	  321.96	2.0083	0.1043	1.0000	0.0000	0.0000	0.00	0.00
2016-09-03 15:40	  312.91	2.0240	0.1043	1.0000	0.0000	0.0000	0.00	0.00
2016-09-03 15:50	  304.25	2.0397	0.1043	1.0000	0.0000	0.0000	0.00	0.00
2016-09-03 16:00	  295.95	2.0553	0.1043	1.0000	0.0000	0.0000	0.00	0.00
2016-09-03 16:10	     288	2.0710	0.1043	1.0000	0.0000	0.0000	0.00	0.00
2016-09-03 16:20	  280.38	2.0866	0.1043	1.0000	0.0000	0.0002	0.00	0.00
2016-09-03 16:30	  273.07	2.1023	0.1043	1.0000	0.0000	0.0003	0.00	0.00
2016-09-03 16:40	  266.06	2.1179	0.1043	1.0000	0.0000	0.0006	0.00	0.00
2016-09-03 16:50	  259.34	2.1335	0.1043	1.0000	0.0000	0.0024	0.00	0.00
2016-09-03 17:00	  252.88	2.1490	0.1043	1.0000	0.0000	0.0052	0.00	0.00
2016-09-03 17:10	  246.69	2.1646	0.1043	1.0000	0.0000	0.0078	0.00	0.00
2016-09-03 17:20	  240.75	2.1801	0.1043	1.0000	0.0000	0.0071	0.00	0.00
2016-09-03 17:30	  235.06	2.1957	0.1043	1.0000	0.0333	0.0024	0.00	0.00
2016-09-03 17:40	  229.62	2.2111	0.1043	1.0000	0.0755	0.0022	0.00	0.00
2016-09-03 17:50	   224.4	2.2266	0.1043	1.0000	0.0000	0.0015	0.00	0.00
2016-09-03 18:00	  219.43	2.2421	0.1043	1.0000	0.0000	0.0000	0.00	0.00
2016-09-03 18:10	  214.76	2.2575	0.1043	1.0000	0.0000	0.0000	0.00	0.00
2016-09-03 18:20	  210.43	2.2717	0.1043	1.0000	0.0000	0.0000	0.00	0.00
2016-09-03 18:30	  206.41	2.2844	0.1043	1.0000	0.0000	0.0002	0.00	0.00
2016-09-03 18:40	  202.64	2.2957	0.1043	1.0000	0.0000	0.0007	0.00	0.00
2016-09-03 18:50	  199.07	2.3057	0.1043	1.0000	0.0000	0.0009	0.00	0.00
2016-09-03 19:00	  195.69	2.3143	0.1043	1.0000	0.0000	0.0000	0.00	0.00
2016-09-03 19:10	  192.46	2.3218	0.1043	1.0000	0.0000	0.0000	0.00	0.00
2016-09-03 19:20	  189.36	2.3281	0.1043	1.0000	0.0000	0.0011	0.00	0.00
2016-09-03 19:30	  186.39	2.3332	0.1043	1.0000	0.0000	0.0033	0.00	0.00
2016-09-03 19:40	  183.53	2.3374	0.1043	1.0000	0.0000	0.0023	0.00	0.00
2016-09-03 19:50	  180.78	2.3405	0.1043	1.0000	0.0000	0.0011	0.00	0.00
2016-09-03 20:00	  178.11	2.3426	0.1043	1.0000	0.0000	0.0000	0.00	0.00
2016-09-03 20:10	  175.54	2.3439	0.1043	1.0000	0.0000	0.0000	0.00	0.00
2016-09-03 20:20	  173.04	2.3442	0.1043	1.0000	0.0000	0.0000	0.00	0.00
2016-09-03 20:30	  170.62	2.3437	0.1043	1.0000	0.0000	0.0000	0.00	0.00
2016-09-03 20:40	  168.27	2.3425	0.1043	1.0000	0.0000	0.0000	0.00	0.00
2016-09-03 20:50	     166	2.3404	0.1043	1.0000	0.0000	0.0000	0.00	0.00
2016-09-03 21:00	  163.78	2.3377	0.1043	1.0000	0.0000	0.0000	0.00	0.00
2016-09-03 21:10	  161.63	2.3343	0.1043	1.0000	0.0000	0.0000	0.00	0.00
2016-09-03 21:20	  159.53	2.3302	0.1043	1.0000	0.0000	0.0000	0.00	0.00
2016-09-03 21:30	  157.49	2.3256	0.1043	1.0000	0.0000	0.0000	0.00	0.00
2016-09-03 21:40	   155.5	2.3203	0.1043	1.0000	0.0000	0.0000	0.00	0.00
2016-09-03 21:50	  153.57	2.3145	0.1043	1.0000	0.0000	0.0000	0.00	0.00
2016-09-03 22:00	  151.68	2.3082	0.1043	1.0000	0.0000	0.0000	0.00	0.00
2016-09-03 22:10	  149.84	2.3015	0.1043	1.0000	0.0000	0.0000	0.00	0.00
2016-09-03 22:20	  148.04	2.2942	0.1043	1.0000	0.0000	0.0000	0.00	0.00
2016-09-03 22:30	  146.28	2.2866	0.1043	1.0000	0.0000	0.0000	0.00	0.00
2016-09-03 22:40	  144.57	2.2785	0.1043	1.0000	0.0000	0.0000	0.00	0.00
2016-09-03 22:50	  142.89	2.2701	0.1043	1.0000	0.0000	0.0000	0.00	0.00
2016-09-03 23:00	  141.26	2.2614	0.1043	1.0000	0.0000	0.0000	0.00	0.00
2016-09-03 23:10	  139.66	2.2523	0.1043	1.0000	0.0000	0.0000	0.00	0.00
2016-09-03 23:20	  138.09	2.2429	0.1043	1.0000	0.0000	0.0000	0.00	0.00
2016-09-03 23:30	  136.56	2.2333	0.1043	1.0000	0.0000	0.0000	0.00	0.00
2016-09-03 23:40	  135.06	2.2234	0.1043	1.0000	0.0000	0.0000	0.00	0.00
2016-09-03 23:50	  133.59	2.2132	0.1043	1.0000	0.0000	0.0000	0.00	0.00
2016-09-04 00:00	  132.15	2.2029	0.1043	1.0000	0.0000	0.0000	0.00	0.00
2016-09-04 00:10	  130.75	2.1923	0.1043	1.0000	0.0000	0.0000	0.00	0.00
2016-09-04 00:20	  129.37	2.1816	0.1043	1.0000	0.0000	0.0000	0.00	0.00
2016-09-04 00:30	  128.02	2.1708	0.1043	1.0000	0.0000	0.0000	0.00	0.00
2016-09-04 00:40	   126.7	2.1597	0.1043	1.0000	0.0000	0.0000	0.00	0.00
2016-09-04 00:50	   125.4	2.1486	0.1043	1.0000	0.0000	0.0000	0.00	0.00
2016-09-04 01:00	  124.13	2.1373	0.1043	1.0000	0.0000	0.0000	0.00	0.00
2016-09-04 01:10	  122.88	2.1260	0.1043	1.0000	0.0000	0.0000	0.00	0.00
2016-09-04 01:20	  121.66	2.1146	0.1043	1.0000	0.0000	0.0000	0.00	0.00
2016-09-04 01:30	  120.47	2.1031	0.1043	1.0000	0.0000	0.0000	0.00	0.00
2016-09-04 01:40	   119.3	2.0916	0.1043	1.0000	0.0000	0.0000	0.00	0.00
2016-09-04 01:50	  118.15	2.0800	0.1043	1.0000	0.0000	0.0000	0.00	0.00
2016-09-04 02:00	  117.02	2.0684	0.1043	1.0000	0.0000	0.0000	0.00	0.00
2016-09-04 02:10	  115.92	2.0568	0.1043	1.0000	0.0000	0.0000	0.00	0.00
2016-09-04 02:20	  114.83	2.0452	0.1043	1.0000	0.0000	0.0000	0.00	0.00
2016-09-04 02:30	  113.77	2.0336	0.1043	1.0000	0.0000	0.0000	0.00	0.00
2016-09-04 02:40	  112.73	2.0220	0.1043	1.0000	0.0000	0.0000	0.00	0.00
2016-09-04 02:50	   111.7	2.0105	0.1043	1.0000	0.0000	0.0000	0.00	0.00
2016-09-04 03:00	   110.7	1.9989	0.1043	1.0000	0.0000	0.0000	0.00	0.00
2016-09-04 03:10	  109.71	1.9874	0.1043	1.0000	0.0000	0.0000	0.00	0.00
2016-09-04 03:20	  108.74	1.9759	0.1043	1.0000	0.0000	0.0000	0.00	0.00
2016-09-04 03:30	  107.79	1.9645	0.1043	1.0000	0.0000	0.0000	0.00	0.00
2016-09-04 03:40	  106.86	1.9531	0.1043	1.0000	0.0000	0.0000	0.00	0.00
2016-09-04 03:50	  105.95	1.9418	0.1043	1.0000	0.0000	0.0000	0.00	0.00
2016-09-04 04:00	  105.05	1.9306	0.1043	1.0000	0.0000	0.0000	0.00	0.00
2016-09-04 04:10	  104.17	1.9194	0.1043	1.0000	0.0000	0.0000	0.00	0.00
2016-09-04 04:20	   103.3	1.9083	0.1043	1.0000	0.0000	0.0000	0.00	0.00
2016-09-04 04:30	  102.45	1.8973	0.1043	1.0000	0.0000	0.0000	0.00	0.00
2016-09-04 04:40	  101.62	1.8864	0.1043	1.0000	0.0000	0.0000	0.00	0.00
2016-09-04 04:50	   100.8	1.8756	0.1043	1.0000	0.0000	0.0000	0.00	0.00
2016-09-04 05:00	     100	1.8648	0.1043	1.0000	0.0000	0.0000	0.00	0.00
2016-09-04 05:10	   99.21	1.8542	0.1043	1.0000	0.0000	0.0000	0.00	0.00
2016-09-04 05:20	   98.44	1.8437	0.1043	1.0000	0.0000	0.0000	0.00	0.00
2016-09-04 05:30	   97.68	1.8332	0.1043	1.0000	0.0000	0.0000	0.00	0.00
2016-09-04 05:40	   96.94	1.8229	0.1043	1.0000	0.0000	0.0000	0.00	0.00
2016-09-04 05:50	   96.21	1.8127	0.1043	1.0000	0.0000	0.0000	0.00	0.00
2016-09-04 06:00	   95.49	1.8026	0.1043	1.0000	0.0000	0.0000	0.00	0.00
2016-09-04 06:10	   94.79	1.7926	0.1043	1.0000	0.0000	0.0000	0.00	0.00
2016-09-04 06:20	    94.1	1.7827	0.1043	1.0000	0.0000	0.0000	0.00	0.00
2016-09-04 06:30	   93.42	1.7730	0.1043	1.0000	0.0000	0.0000	0.00	0.00
2016-09-04 06:40	   92.76	1.7633	0.1043	1.0000	0.0000	0.0000	0.00	0.00
2016-09-04 06:50	   92.11	1.7538	0.1043	1.0000	0.0000	0.0000	0.00	0.00
2016-09-04 07:00	   91.47	1.7444	0.1043	1.0000	0.0000	0.0000	0.00	0.00
2016-09-04 07:10	   90.84	1.7352	0.1043	1.0000	0.0000	0.0000	0.00	0.00
2016-09-04 07:20	   90.23	1.7260	0.1043	1.0000	0.0000	0.0000	0.00	0.00
2016-09-04 07:30	   89.62	1.7170	0.1043	1.0000	0.0000	0.0000	0.00	0.00
2016-09-04 07:40	   89.03	1.7081	0.1043	1.0000	0.0000	0.0000	0.00	0.00
2016-09-04 07:50	   88.45	1.6993	0.1043	1.0000	0.0000	0.0000	0.00	0.00
2016-09-04 08:00	   87.88	1.6907	0.1043	1.0000	0.0000	0.0000	0.00	0.00
2016-09-04 08:10	   87.32	1.6822	0.1043	1.0000	0.0000	0.0000	0.00	0.00
2016-09-04 08:20	   86.77	1.6738	0.1043	1.0000	0.0000	0.0000	0.00	0.00
2016-09-04 08:30	   86.23	1.6655	0.1043	1.0000	0.0000	0.0000	0.00	0.00
2016-09-04 08:40	    85.7	1.6574	0.1043	1.0000	0.0000	0.0000	0.00	0.00
2016-09-04 08:50	   85.19	1.6493	0.1043	1.0000	0.0000	0.0000	0.00	0.00
2016-09-04 09:00	   84.68	1.6414	0.1043	1.0000	0.0000	0.0000	0.00	0.00
2016-09-04 09:10	   84.18	1.6337	0.1043	1.0000	0.0000	0.0000	0.00	0.00
2016-09-04 09:20	   83.69	1.6260	0.1043	1.0000	0.0000	0.0000	0.00	0.00
2016-09-04 09:30	   83.21	1.6185	0.1043	1.0000	0.0000	0.0000	0.00	0.00
2016-09-04 09:40	   82.74	1.6110	0.1043	1.0000	0.0000	0.0000	0.00	0.00
2016-09-04 09:50	   82.27	1.6038	0.1043	1.0000	0.0000	0.0000	0.00	0.00
2016-09-04 10:00	   81.82	1.5966	0.1043	1.0000	0.0000	0.0000	0.00	0.00
2016-09-04 10:10	   81.37	1.5895	0.1043	1.0000	0.0000	0.0000	0.00	0.00
2016-09-04 10:20	   80.94	1.5826	0.1043	1.0000	0.0000	0.0000	0.00	0.00
2016-09-04 10:30	   80.51	1.5757	0.1043	1.0000	0.0000	0.0000	0.00	0.00
2016-09-04 10:40	   80.09	1.5690	0.1043	1.0000	0.0000	0.0000	0.00	0.00
2016-09-04 10:50	   79.67	1.5624	0.1043	1.0000	0.0000	0.0000	0.00	0.00
2016-09-04 11:00	   79.27	1.5559	0.1043	1.0000	0.0000	0.0000	0.00	0.00
2016-09-04 11:10	   78.87	1.5496	0.1043	1.0000	0.0000	0.0000	0.00	0.00
2016-09-04 11:20	   78.48	1.5433	0.1043	1.0000	0.0000	0.0000	0.00	0.00
2016-09-04 11:30	   78.09	1.5371	0.1043	1.0000	0.0000	0.0000	0.00	0.00
2016-09-04 11:40	   77.72	1.5311	0.1043	1.0000	0.0000	0.0000	0.00	0.00
2016-09-04 11:50	   77.35	1.5251	0.1043	1.0000	0.0000	0.0000	0.00	0.00
2016-09-04 12:00	   76.98	1.5192	0.1043	1.0000	0.0000	0.0000	0.00	0.00
2016-09-04 12:10	   76.63	1.5135	0.1043	1.0000	0.0000	0.0000	0.00	0.00
2016-09-04 12:20	   76.28	1.5078	0.1043	1.0000	0.0000	0.0000	0.00	0.00
2016-09-04 12:30	   75.93	1.5023	0.1043	1.0000	0.0000	0.0000	0.00	0.00
2016-09-04 12:40	   75.59	1.4968	0.1043	1.0000	0.0000	0.0000	0.00	0.00
2016-09-04 12:50	   75.26	1.4915	0.1043	1.0000	0.0000	0.0000	0.00	0.00
2016-09-04 13:00	   74.94	1.4862	0.1043	1.0000	0.0000	0.0000	0.00	0.00
2016-09-04 13:10	   74.62	1.4810	0.1043	1.0000	0.0000	0.0000	0.00	0.00
2016-09-04 13:20	    74.3	1.4759	0.1043	1.0000	0.0000	0.0000	0.00	0.00
2016-09-04 13:30	   73.99	1.4709	0.1043	1.0000	0.0000	0.0000	0.00	0.00
2016-09-04 13:40	   73.69	1.4660	0.1043	1.0000	0.0000	0.0000	0.00	0.00
2016-09-04 13:50	   73.39	1.4612	0.1043	1.0000	0.0000	0.0000	0.00	0.00
2016-09-04 14:00	    73.1	1.4565	0.1043	1.0000	0.0000	0.0000	0.00	0.00
2016-09-04 14:10	   72.81	1.4518	0.1043	1.0000	0.0000	0.0000	0.00	0.00
2016-09-04 14:20	   72.53	1.4473	0.1043	1.0000	0.0000	0.0000	0.00	0.00
2016-09-04 14:30	   72.25	1.4428	0.1043	1.0000	0.0000	0.0000	0.00	0.00
2016-09-04 14:40	   71.98	1.4383	0.1043	1.0000	0.0000	0.0000	0.00	0.00
2016-09-04 14:50	   71.71	1.4340	0.1043	1.0000	0.0000	0.0000	0.00	0.00
2016-09-04 15:00	   71.44	1.4297	0.1043	1.0000	0.0000	0.0000	0.00	0.00
2016-09-04 15:10	   71.18	1.4256	0.1043	1.0000	0.0000	0.0000	0.00	0.00
2016-09-04 15:20	   70.93	1.4214	0.1043	1.0000	0.0000	0.0000	0.00	0.00
2016-09-04 15:30	   70.68	1.4174	0.1043	1.0000	0.0000	0.0000	0.00	0.00
2016-09-04 15:40	   70.43	1.4134	0.1043	1.0000	0.0000	0.0000	0.00	0.00
2016-09-04 15:50	   70.19	1.4095	0.1043	1.0000	0.0000	0.0000	0.00	0.00
2016-09-04 16:00	   69.95	1.4057	0.1043	1.0000	0.0000	0.0000	0.00	0.00
2016-09-04 16:10	   69.72	1.4019	0.1043	1.0000	0.0000	0.0000	0.00	0.00
2016-09-04 16:20	   69.49	1.3982	0.1043	1.0000	0.0000	0.0000	0.00	0.00
2016-09-04 16:30	   69.26	1.3946	0.1043	1.0000	0.0000	0.0000	0.00	0.00
2016-09-04 16:40	   69.03	1.3910	0.1043	1.0000	0.0000	0.0000	0.00	0.00
2016-09-04 16:50	   68.81	1.3875	0.1043	1.0000	0.0000	0.0000	0.00	0.00
2016-09-04 17:00	    68.6	1.3840	0.1043	1.0000	0.0000	0.0000	0.00	0.00
2016-09-04 17:10	   68.38	1.3806	0.1043	1.0000	0.0000	0.0000	0.00	0.00
2016-09-04 17:20	   68.17	1.3773	0.1043	1.0000	0.0000	0.0000	0.00	0.00
2016-09-04 17:30	   67.97	1.3740	0.1043	1.0000	0.0000	0.0000	0.00	0.00
2016-09-04 17:40	   67.76	1.3708	0.1043	1.0000	0.0000	0.0000	0.00	0.00
2016-09-04 17:50	   67.56	1.3676	0.1043	1.0000	0.0000	0.0000	0.00	0.00
2016-09-04 18:00	   67.37	1.3644	0.1043	1.0000	0.0000	0.0000	0.00	0.00
2016-09-04 18:10	   67.17	1.3614	0.1043	1.0000	0.0000	0.0000	0.00	0.00
2016-09-04 18:20	   66.98	1.3583	0.1043	1.0000	0.0000	0.0000	0.00	0.00
2016-09-04 18:30	   66.79	1.3554	0.1043	1.0000	0.0000	0.0000	0.00	0.00
2016-09-04 18:40	   66.61	1.3524	0.1043	1.0000	0.0000	0.0000	0.00	0.00
2016-09-04 18:50	   66.42	1.3496	0.1043	1.0000	0.0000	0.0000	0.00	0.00
2016-09-04 19:00	   66.24	1.3467	0.1043	1.0000	0.0000	0.0000	0.00	0.00
2016-09-04 19:10	   66.06	1.3439	0.1043	1.0000	0.0000	0.0000	0.00	0.00
2016-09-04 19:20	   65.89	1.3412	0.1043	1.0000	0.0000	0.0000	0.00	0.00
2016-09-04 19:30	   65.72	1.3385	0.1043	1.0000	0.0000	0.0000	0.00	0.00
2016-09-04 19:40	   65.55	1.3358	0.1043	1.0000	0.0000	0.0000	0.00	0.00
2016-09-04 19:50	   65.38	1.3332	0.1043	1.0000	0.0000	0.0000	0.00	0.00
2016-09-04 20:00	   65.21	1.3306	0.1043	1.0000	0.0000	0.0000	0.00	0.00
2016-09-04 20:10	   65.05	1.3281	0.1043	1.0000	0.0000	0.0000	0.00	0.00
2016-09-04 20:20	   64.89	1.3256	0.1043	1.0000	0.0000	0.0000	0.00	0.00
2016-09-04 20:30	   64.73	1.3231	0.1043	1.0000	0.0000	0.0000	0.00	0.00
2016-09-04 20:40	   64.57	1.3207	0.1043	1.0000	0.0000	0.0000	0.00	0.00
2016-09-04 20:50	   64.42	1.3183	0.1043	1.0000	0.0000	0.0000	0.00	0.00
2016-09-04 21:00	   64.27	1.3159	0.1043	1.0000	0.0000	0.0000	0.00	0.00
2016-09-04 21:10	   64.12	1.3136	0.1043	1.0000	0.0000	0.0000	0.00	0.00
2016-09-04 21:20	   63.97	1.3113	0.1043	1.0000	0.0000	0.0000	0.00	0.00
2016-09-04 21:30	   63.82	1.3091	0.1043	1.0000	0.0000	0.0000	0.00	0.00
2016-09-04 21:40	   63.68	1.3069	0.1043	1.0000	0.0000	0.0000	0.00	0.00
2016-09-04 21:50	   63.54	1.3047	0.1043	1.0000	0.0000	0.0000	0.00	0.00
2016-09-04 22:00	   63.39	1.3025	0.1043	1.0000	0.0000	0.0000	0.00	0.00
2016-09-04 22:10	   63.26	1.3004	0.1043	1.0000	0.0000	0.0000	0.00	0.00
2016-09-04 22:20	   63.12	1.2983	0.1043	1.0000	0.0000	0.0000	0.00	0.00
2016-09-04 22:30	   62.98	1.2962	0.1043	1.0000	0.0000	0.0000	0.00	0.00
2016-09-04 22:40	   62.85	1.2942	0.1043	1.0000	0.0000	0.0000	0.00	0.00
2016-09-04 22:50	   62.72	1.2922	0.1043	1.0000	0.0000	0.0000	0.00	0.00
2016-09-04 23:00	   62.59	1.2902	0.1043	1.0000	0.0000	0.0000	0.00	0.00
2016-09-04 23:10	   62.46	1.2882	0.1043	1.0000	0.0000	0.0000	0.00	0.00
2016-09-04 23:20	   62.33	1.2863	0.1043	1.0000	0.0000	0.0000	0.00	0.00
2016-09-04 23:30	    62.2	1.2844	0.1043	1.0000	0.0000	0.0000	0.00	0.00
2016-09-04 23:40	   62.08	1.2825	0.1043	1.0000	0.0000	0.0000	0.00	0.00
2016-09-04 23:50	   61.96	1.2807	0.1043	1.0000	0.0000	0.0000	0.00	0.00
