Project name : GHG500.gmp 	 2018-04-13 12:03 	 by GRMCore2018
Output data : All the results for watch point 'GHG_md'

DataTime	Discharge[cms]	BaseFlowDepth[m]	SoilWaterContent[m]	SoilSatR	RFGrid	RFUpMean	FCData	FCResStor
2016-09-02 16:00	      19	0.1171	0.0955	0.9276	0.0000	0.0026	0.00	0.00
2016-09-02 16:10	      19	0.1174	0.0953	0.9251	0.0000	0.0267	0.00	0.00
2016-09-02 16:20	      19	0.1176	0.0950	0.9227	0.0000	0.0715	0.00	0.00
2016-09-02 16:30	   19.06	0.1178	0.0951	0.9232	0.3000	0.1913	0.00	0.00
2016-09-02 16:40	   19.06	0.1180	0.0949	0.9218	0.1000	0.2172	0.00	0.00
2016-09-02 16:50	   19.06	0.1182	0.0948	0.9203	0.1000	0.1835	0.00	0.00
2016-09-02 17:00	   19.09	0.1184	0.0947	0.9199	0.2000	0.1429	0.00	0.00
2016-09-02 17:10	   19.08	0.1186	0.0945	0.9175	0.0000	0.1845	0.00	0.00
2016-09-02 17:20	   19.07	0.1188	0.0943	0.9151	0.0000	0.1301	0.00	0.00
2016-09-02 17:30	   19.13	0.1189	0.0943	0.9156	0.3000	0.1487	0.00	0.00
2016-09-02 17:40	   19.18	0.1191	0.0944	0.9161	0.3000	0.2414	0.00	0.00
2016-09-02 17:50	    19.2	0.1193	0.0943	0.9157	0.2000	0.1963	0.00	0.00
2016-09-02 18:00	   19.19	0.1194	0.0941	0.9133	0.0000	0.2301	0.00	0.00
2016-09-02 18:10	   19.21	0.1196	0.0939	0.9118	0.1000	0.2334	0.00	0.00
2016-09-02 18:20	   19.23	0.1197	0.0938	0.9104	0.1000	0.1521	0.00	0.00
2016-09-02 18:30	   19.27	0.1198	0.0937	0.9100	0.2000	0.2331	0.00	0.00
2016-09-02 18:40	   19.34	0.1200	0.0939	0.9115	0.4000	0.4097	0.00	0.00
2016-09-02 18:50	   19.45	0.1201	0.0942	0.9149	0.6000	0.5762	0.00	0.00
2016-09-02 19:00	   19.48	0.1203	0.0943	0.9154	0.3000	0.3452	0.00	0.00
2016-09-02 19:10	   19.54	0.1205	0.0944	0.9169	0.4000	0.3995	0.00	0.00
2016-09-02 19:20	   19.62	0.1206	0.0947	0.9194	0.5000	0.4046	0.00	0.00
2016-09-02 19:30	   19.91	0.1208	0.0960	0.9325	1.6000	0.3877	0.00	0.00
2016-09-02 19:40	   20.07	0.1210	0.0970	0.9417	1.2000	0.3672	0.00	0.00
2016-09-02 19:50	   20.04	0.1213	0.0969	0.9412	0.2000	0.3551	0.00	0.00
2016-09-02 20:00	   20.19	0.1215	0.0975	0.9465	0.8000	0.3724	0.00	0.00
2016-09-02 20:10	   20.23	0.1218	0.0975	0.9469	0.3000	0.3572	0.00	0.00
2016-09-02 20:20	    20.3	0.1220	0.0976	0.9474	0.3000	0.2728	0.00	0.00
2016-09-02 20:30	   20.42	0.1223	0.0978	0.9497	0.5000	0.3652	0.00	0.00
2016-09-02 20:40	   20.49	0.1225	0.0979	0.9502	0.3000	0.4101	0.00	0.00
2016-09-02 20:50	   20.54	0.1228	0.0978	0.9496	0.2000	0.4124	0.00	0.00
2016-09-02 21:00	   20.56	0.1230	0.0976	0.9471	0.0000	0.4634	0.00	0.00
2016-09-02 21:10	    20.6	0.1233	0.0973	0.9447	0.0000	0.2896	0.00	0.00
2016-09-02 21:20	   20.65	0.1235	0.0971	0.9432	0.1000	0.2619	0.00	0.00
2016-09-02 21:30	   20.72	0.1237	0.0971	0.9426	0.2000	0.2026	0.00	0.00
2016-09-02 21:40	   20.78	0.1240	0.0970	0.9421	0.2000	0.2304	0.00	0.00
2016-09-02 21:50	   20.84	0.1242	0.0970	0.9416	0.2000	0.2538	0.00	0.00
2016-09-02 22:00	   20.93	0.1244	0.0971	0.9430	0.4000	0.2694	0.00	0.00
2016-09-02 22:10	   21.08	0.1247	0.0976	0.9473	0.7000	0.2283	0.00	0.00
2016-09-02 22:20	   21.13	0.1249	0.0976	0.9478	0.3000	0.2245	0.00	0.00
2016-09-02 22:30	   21.19	0.1252	0.0977	0.9482	0.3000	0.2800	0.00	0.00
2016-09-02 22:40	   21.27	0.1254	0.0977	0.9486	0.3000	0.3481	0.00	0.00
2016-09-02 22:50	   21.34	0.1257	0.0977	0.9481	0.2000	0.3399	0.00	0.00
2016-09-02 23:00	   21.39	0.1259	0.0975	0.9466	0.1000	0.6041	0.00	0.00
2016-09-02 23:10	   21.44	0.1262	0.0972	0.9441	0.0000	0.5501	0.00	0.00
2016-09-02 23:20	   21.49	0.1264	0.0970	0.9416	0.0000	0.5180	0.00	0.00
2016-09-02 23:30	   21.54	0.1266	0.0967	0.9392	0.0000	0.3666	0.00	0.00
2016-09-02 23:40	    21.6	0.1269	0.0965	0.9367	0.0000	0.3329	0.00	0.00
2016-09-02 23:50	   21.67	0.1271	0.0963	0.9353	0.1000	0.2683	0.00	0.00
2016-09-03 00:00	   21.72	0.1273	0.0961	0.9328	0.0000	0.2376	0.00	0.00
2016-09-03 00:10	   21.76	0.1276	0.0958	0.9304	0.0000	0.2442	0.00	0.00
2016-09-03 00:20	   21.81	0.1278	0.0956	0.9279	0.0000	0.3090	0.00	0.00
2016-09-03 00:30	   21.87	0.1280	0.0953	0.9255	0.0000	0.3629	0.00	0.00
2016-09-03 00:40	   21.92	0.1282	0.0951	0.9231	0.0000	0.4349	0.00	0.00
2016-09-03 00:50	   21.99	0.1284	0.0949	0.9217	0.0998	0.4856	0.00	0.00
2016-09-03 01:00	   22.05	0.1286	0.0948	0.9202	0.0983	0.5159	0.00	0.00
2016-09-03 01:10	   22.09	0.1289	0.0945	0.9178	0.0000	0.2771	0.00	0.00
2016-09-03 01:20	   22.15	0.1291	0.0943	0.9155	0.0068	0.2666	0.00	0.00
2016-09-03 01:30	   22.24	0.1293	0.0942	0.9143	0.0822	0.3107	0.00	0.00
2016-09-03 01:40	   22.38	0.1295	0.0944	0.9161	0.3194	0.3470	0.00	0.00
2016-09-03 01:50	   22.61	0.1297	0.0951	0.9228	0.6618	0.3915	0.00	0.00
2016-09-03 02:00	   22.76	0.1300	0.0955	0.9268	0.4978	0.5249	0.00	0.00
2016-09-03 02:10	   22.88	0.1303	0.0956	0.9282	0.3566	0.6941	0.00	0.00
2016-09-03 02:20	   23.04	0.1305	0.0958	0.9305	0.3093	0.4000	0.00	0.00
2016-09-03 02:30	   23.34	0.1308	0.0967	0.9385	0.7835	0.4322	0.00	0.00
2016-09-03 02:40	   23.67	0.1311	0.0977	0.9486	1.1128	0.5274	0.00	0.00
2016-09-03 02:50	      24	0.1314	0.0987	0.9587	0.7289	0.5326	0.00	0.00
2016-09-03 03:00	    24.2	0.1317	0.0991	0.9620	0.4859	0.7999	0.00	0.00
2016-09-03 03:10	   24.45	0.1319	0.0994	0.9647	0.3291	0.7137	0.00	0.00
2016-09-03 03:20	   24.67	0.1322	0.0995	0.9660	0.3334	0.9850	0.00	0.00
2016-09-03 03:30	   24.88	0.1325	0.0995	0.9657	0.1467	0.6748	0.00	0.00
2016-09-03 03:40	   25.08	0.1328	0.0993	0.9641	0.0989	0.7793	0.00	0.00
2016-09-03 03:50	   25.29	0.1331	0.0992	0.9628	0.1083	0.6145	0.00	0.00
2016-09-03 04:00	   25.52	0.1334	0.0991	0.9622	0.1652	0.4416	0.00	0.00
2016-09-03 04:10	   25.74	0.1336	0.0991	0.9617	0.1640	0.3262	0.00	0.00
2016-09-03 04:20	      26	0.1339	0.0991	0.9625	0.2665	0.2441	0.00	0.00
2016-09-03 04:30	   26.39	0.1342	0.0998	0.9693	0.6843	0.2385	0.00	0.00
2016-09-03 04:40	    26.6	0.1345	0.0999	0.9696	0.2098	0.2744	0.00	0.00
2016-09-03 04:50	   26.82	0.1348	0.0998	0.9690	0.1450	0.3847	0.00	0.00
2016-09-03 05:00	   27.07	0.1351	0.0998	0.9685	0.1477	0.6615	0.00	0.00
2016-09-03 05:10	   27.35	0.1354	0.0997	0.9679	0.1517	0.7492	0.00	0.00
2016-09-03 05:20	   27.64	0.1356	0.0996	0.9672	0.1432	0.9434	0.00	0.00
2016-09-03 05:30	   27.94	0.1359	0.0995	0.9657	0.0945	1.0702	0.00	0.00
2016-09-03 05:40	   28.31	0.1362	0.0995	0.9661	0.2593	0.9892	0.00	0.00
2016-09-03 05:50	    28.8	0.1365	0.1000	0.9706	0.5922	0.8825	0.00	0.00
2016-09-03 06:00	   29.21	0.1368	0.1000	0.9713	0.2688	0.7877	0.00	0.00
2016-09-03 06:10	   29.62	0.1371	0.0999	0.9698	0.0919	0.8398	0.00	0.00
2016-09-03 06:20	   30.12	0.1374	0.0998	0.9690	0.1288	0.7118	0.00	0.00
2016-09-03 06:30	   30.67	0.1376	0.0997	0.9675	0.0885	0.7290	0.00	0.00
2016-09-03 06:40	   31.29	0.1379	0.0995	0.9657	0.0548	0.6349	0.00	0.00
2016-09-03 06:50	   31.97	0.1382	0.0992	0.9632	0.0000	0.6914	0.00	0.00
2016-09-03 07:00	   32.77	0.1385	0.0989	0.9606	0.0000	0.4554	0.00	0.00
2016-09-03 07:10	   33.67	0.1388	0.0987	0.9581	0.0000	0.2137	0.00	0.00
2016-09-03 07:20	   34.72	0.1391	0.0984	0.9556	0.0000	0.1627	0.00	0.00
2016-09-03 07:30	   35.94	0.1394	0.0982	0.9532	0.0000	0.0627	0.00	0.00
2016-09-03 07:40	   37.37	0.1396	0.0979	0.9507	0.0000	0.0503	0.00	0.00
2016-09-03 07:50	   39.07	0.1399	0.0977	0.9484	0.0225	0.0526	0.00	0.00
2016-09-03 08:00	   41.11	0.1402	0.0976	0.9478	0.1627	0.0687	0.00	0.00
2016-09-03 08:10	   43.49	0.1405	0.0975	0.9463	0.0778	0.1383	0.00	0.00
2016-09-03 08:20	    46.3	0.1408	0.0972	0.9438	0.0000	0.1525	0.00	0.00
2016-09-03 08:30	   49.66	0.1410	0.0970	0.9413	0.0000	0.1859	0.00	0.00
2016-09-03 08:40	   53.62	0.1413	0.0967	0.9388	0.0000	0.1746	0.00	0.00
2016-09-03 08:50	   58.26	0.1416	0.0964	0.9364	0.0000	0.0902	0.00	0.00
2016-09-03 09:00	   63.65	0.1419	0.0962	0.9339	0.0000	0.0354	0.00	0.00
2016-09-03 09:10	    69.8	0.1422	0.0959	0.9314	0.0000	0.0195	0.00	0.00
2016-09-03 09:20	   76.74	0.1424	0.0957	0.9290	0.0000	0.0190	0.00	0.00
2016-09-03 09:30	   84.45	0.1427	0.0954	0.9266	0.0000	0.0099	0.00	0.00
2016-09-03 09:40	   92.88	0.1430	0.0952	0.9241	0.0000	0.0033	0.00	0.00
2016-09-03 09:50	  101.97	0.1433	0.0949	0.9217	0.0000	0.0036	0.00	0.00
2016-09-03 10:00	  111.59	0.1436	0.0947	0.9193	0.0000	0.0004	0.00	0.00
2016-09-03 10:10	  121.62	0.1438	0.0944	0.9169	0.0000	0.0005	0.00	0.00
2016-09-03 10:20	  131.97	0.1441	0.0942	0.9145	0.0000	0.0020	0.00	0.00
2016-09-03 10:30	  142.51	0.1444	0.0939	0.9121	0.0000	0.0049	0.00	0.00
2016-09-03 10:40	  153.16	0.1447	0.0937	0.9097	0.0000	0.0056	0.00	0.00
2016-09-03 10:50	  163.87	0.1449	0.0935	0.9073	0.0000	0.0056	0.00	0.00
2016-09-03 11:00	   174.6	0.1452	0.0932	0.9049	0.0000	0.0044	0.00	0.00
2016-09-03 11:10	  185.42	0.1455	0.0930	0.9026	0.0000	0.0105	0.00	0.00
2016-09-03 11:20	  196.38	0.1458	0.0927	0.9002	0.0000	0.0166	0.00	0.00
2016-09-03 11:30	  207.61	0.1460	0.0925	0.8978	0.0000	0.0387	0.00	0.00
2016-09-03 11:40	  219.26	0.1463	0.0922	0.8955	0.0000	0.0849	0.00	0.00
2016-09-03 11:50	  231.56	0.1466	0.0920	0.8931	0.0000	0.0856	0.00	0.00
2016-09-03 12:00	  244.75	0.1468	0.0918	0.8908	0.0000	0.1333	0.00	0.00
2016-09-03 12:10	  259.14	0.1471	0.0915	0.8884	0.0000	0.1152	0.00	0.00
2016-09-03 12:20	  274.99	0.1474	0.0913	0.8861	0.0000	0.0761	0.00	0.00
2016-09-03 12:30	  292.65	0.1477	0.0910	0.8838	0.0000	0.0994	0.00	0.00
2016-09-03 12:40	  312.33	0.1479	0.0908	0.8815	0.0000	0.0905	0.00	0.00
2016-09-03 12:50	  334.22	0.1482	0.0906	0.8792	0.0000	0.0766	0.00	0.00
2016-09-03 13:00	  358.49	0.1485	0.0903	0.8768	0.0000	0.0495	0.00	0.00
2016-09-03 13:10	  385.23	0.1487	0.0901	0.8745	0.0000	0.0545	0.00	0.00
2016-09-03 13:20	  414.48	0.1490	0.0898	0.8722	0.0000	0.0286	0.00	0.00
2016-09-03 13:30	  446.36	0.1493	0.0896	0.8699	0.0000	0.0052	0.00	0.00
2016-09-03 13:40	     481	0.1496	0.0894	0.8677	0.0000	0.0000	0.00	0.00
2016-09-03 13:50	  518.66	0.1498	0.0891	0.8654	0.0000	0.0000	0.00	0.00
2016-09-03 14:00	  559.68	0.1501	0.0889	0.8631	0.0000	0.0000	0.00	0.00
2016-09-03 14:10	  604.24	0.1504	0.0887	0.8608	0.0000	0.0000	0.00	0.00
2016-09-03 14:20	   652.3	0.1506	0.0884	0.8586	0.0000	0.0000	0.00	0.00
2016-09-03 14:30	  703.62	0.1509	0.0882	0.8563	0.0000	0.0000	0.00	0.00
2016-09-03 14:40	  757.42	0.1512	0.0880	0.8541	0.0000	0.0000	0.00	0.00
2016-09-03 14:50	  812.49	0.1515	0.0877	0.8518	0.0000	0.0000	0.00	0.00
2016-09-03 15:00	   867.6	0.1517	0.0875	0.8496	0.0000	0.0001	0.00	0.00
2016-09-03 15:10	  920.86	0.1520	0.0873	0.8474	0.0000	0.0001	0.00	0.00
2016-09-03 15:20	  971.33	0.1523	0.0871	0.8452	0.0000	0.0002	0.00	0.00
2016-09-03 15:30	 1018.46	0.1525	0.0868	0.8430	0.0000	0.0004	0.00	0.00
2016-09-03 15:40	 1061.85	0.1528	0.0866	0.8408	0.0000	0.0016	0.00	0.00
2016-09-03 15:50	 1101.34	0.1531	0.0864	0.8386	0.0000	0.0028	0.00	0.00
2016-09-03 16:00	 1136.87	0.1533	0.0862	0.8364	0.0000	0.0008	0.00	0.00
2016-09-03 16:10	 1168.74	0.1536	0.0859	0.8343	0.0000	0.0005	0.00	0.00
2016-09-03 16:20	 1197.04	0.1539	0.0857	0.8321	0.0000	0.0005	0.00	0.00
2016-09-03 16:30	 1222.15	0.1541	0.0855	0.8299	0.0000	0.0007	0.00	0.00
2016-09-03 16:40	 1244.08	0.1544	0.0853	0.8278	0.0000	0.0025	0.00	0.00
2016-09-03 16:50	 1262.96	0.1547	0.0850	0.8256	0.0000	0.0068	0.00	0.00
2016-09-03 17:00	 1278.88	0.1549	0.0848	0.8234	0.0000	0.0070	0.00	0.00
2016-09-03 17:10	 1291.69	0.1552	0.0846	0.8213	0.0000	0.0065	0.00	0.00
2016-09-03 17:20	 1301.52	0.1555	0.0844	0.8192	0.0000	0.0041	0.00	0.00
2016-09-03 17:30	 1308.33	0.1557	0.0842	0.8170	0.0000	0.0024	0.00	0.00
2016-09-03 17:40	 1312.09	0.1560	0.0839	0.8149	0.0000	0.0021	0.00	0.00
2016-09-03 17:50	 1312.99	0.1563	0.0837	0.8128	0.0000	0.0007	0.00	0.00
2016-09-03 18:00	 1311.11	0.1565	0.0835	0.8106	0.0000	0.0000	0.00	0.00
2016-09-03 18:10	 1306.59	0.1568	0.0833	0.8085	0.0000	0.0000	0.00	0.00
2016-09-03 18:20	 1299.71	0.1571	0.0831	0.8064	0.0000	0.0000	0.00	0.00
2016-09-03 18:30	 1290.62	0.1573	0.0828	0.8043	0.0000	0.0003	0.00	0.00
2016-09-03 18:40	 1279.61	0.1576	0.0826	0.8022	0.0000	0.0006	0.00	0.00
2016-09-03 18:50	 1266.92	0.1578	0.0824	0.8001	0.0000	0.0004	0.00	0.00
2016-09-03 19:00	 1252.73	0.1581	0.0822	0.7980	0.0000	0.0001	0.00	0.00
2016-09-03 19:10	 1237.33	0.1584	0.0820	0.7959	0.0000	0.0005	0.00	0.00
2016-09-03 19:20	  1220.9	0.1586	0.0818	0.7938	0.0000	0.0018	0.00	0.00
2016-09-03 19:30	 1203.65	0.1589	0.0815	0.7917	0.0000	0.0041	0.00	0.00
2016-09-03 19:40	 1185.77	0.1591	0.0813	0.7897	0.0000	0.0026	0.00	0.00
2016-09-03 19:50	 1167.36	0.1594	0.0811	0.7876	0.0000	0.0023	0.00	0.00
2016-09-03 20:00	 1148.61	0.1597	0.0809	0.7855	0.0000	0.0003	0.00	0.00
2016-09-03 20:10	 1129.61	0.1599	0.0807	0.7835	0.0000	0.0002	0.00	0.00
2016-09-03 20:20	 1110.48	0.1602	0.0805	0.7814	0.0000	0.0000	0.00	0.00
2016-09-03 20:30	 1091.29	0.1604	0.0803	0.7794	0.0000	0.0000	0.00	0.00
2016-09-03 20:40	 1072.13	0.1607	0.0801	0.7773	0.0000	0.0000	0.00	0.00
2016-09-03 20:50	 1053.09	0.1609	0.0799	0.7753	0.0000	0.0000	0.00	0.00
2016-09-03 21:00	  1034.2	0.1612	0.0796	0.7733	0.0000	0.0000	0.00	0.00
2016-09-03 21:10	 1015.48	0.1614	0.0794	0.7712	0.0000	0.0000	0.00	0.00
2016-09-03 21:20	  997.01	0.1617	0.0792	0.7692	0.0000	0.0000	0.00	0.00
2016-09-03 21:30	  978.79	0.1619	0.0790	0.7672	0.0000	0.0000	0.00	0.00
2016-09-03 21:40	  960.89	0.1622	0.0788	0.7652	0.0000	0.0000	0.00	0.00
2016-09-03 21:50	  943.26	0.1624	0.0786	0.7632	0.0000	0.0000	0.00	0.00
2016-09-03 22:00	  925.99	0.1627	0.0784	0.7612	0.0000	0.0000	0.00	0.00
2016-09-03 22:10	  909.03	0.1629	0.0782	0.7592	0.0000	0.0000	0.00	0.00
2016-09-03 22:20	  892.44	0.1631	0.0780	0.7572	0.0000	0.0000	0.00	0.00
2016-09-03 22:30	  876.18	0.1634	0.0778	0.7552	0.0000	0.0000	0.00	0.00
2016-09-03 22:40	  860.28	0.1636	0.0776	0.7532	0.0000	0.0000	0.00	0.00
2016-09-03 22:50	  844.74	0.1639	0.0774	0.7512	0.0000	0.0000	0.00	0.00
2016-09-03 23:00	  829.56	0.1641	0.0772	0.7493	0.0000	0.0000	0.00	0.00
2016-09-03 23:10	  814.73	0.1644	0.0770	0.7473	0.0000	0.0000	0.00	0.00
2016-09-03 23:20	  800.25	0.1646	0.0768	0.7453	0.0000	0.0000	0.00	0.00
2016-09-03 23:30	  786.15	0.1648	0.0766	0.7434	0.0000	0.0000	0.00	0.00
2016-09-03 23:40	  772.37	0.1651	0.0764	0.7414	0.0000	0.0000	0.00	0.00
2016-09-03 23:50	  758.94	0.1653	0.0762	0.7395	0.0000	0.0000	0.00	0.00
2016-09-04 00:00	  745.85	0.1655	0.0760	0.7376	0.0000	0.0000	0.00	0.00
2016-09-04 00:10	  733.09	0.1658	0.0758	0.7356	0.0000	0.0000	0.00	0.00
2016-09-04 00:20	  720.66	0.1660	0.0756	0.7337	0.0000	0.0000	0.00	0.00
2016-09-04 00:30	  708.58	0.1662	0.0754	0.7318	0.0000	0.0000	0.00	0.00
2016-09-04 00:40	   696.8	0.1665	0.0752	0.7299	0.0000	0.0000	0.00	0.00
2016-09-04 00:50	  685.34	0.1667	0.0750	0.7279	0.0000	0.0000	0.00	0.00
2016-09-04 01:00	  674.19	0.1669	0.0748	0.7260	0.0000	0.0000	0.00	0.00
2016-09-04 01:10	  663.34	0.1672	0.0746	0.7241	0.0000	0.0000	0.00	0.00
2016-09-04 01:20	  652.79	0.1674	0.0744	0.7222	0.0000	0.0000	0.00	0.00
2016-09-04 01:30	  642.54	0.1676	0.0742	0.7203	0.0000	0.0000	0.00	0.00
2016-09-04 01:40	  632.61	0.1679	0.0740	0.7185	0.0000	0.0000	0.00	0.00
2016-09-04 01:50	  622.95	0.1681	0.0738	0.7166	0.0000	0.0000	0.00	0.00
2016-09-04 02:00	  613.56	0.1683	0.0736	0.7147	0.0000	0.0000	0.00	0.00
2016-09-04 02:10	  604.44	0.1685	0.0734	0.7128	0.0000	0.0000	0.00	0.00
2016-09-04 02:20	  595.58	0.1688	0.0732	0.7110	0.0000	0.0000	0.00	0.00
2016-09-04 02:30	  586.98	0.1690	0.0730	0.7091	0.0000	0.0000	0.00	0.00
2016-09-04 02:40	  578.62	0.1692	0.0728	0.7073	0.0000	0.0000	0.00	0.00
2016-09-04 02:50	   570.5	0.1694	0.0727	0.7054	0.0000	0.0000	0.00	0.00
2016-09-04 03:00	  562.61	0.1697	0.0725	0.7036	0.0000	0.0000	0.00	0.00
2016-09-04 03:10	  554.95	0.1699	0.0723	0.7017	0.0000	0.0000	0.00	0.00
2016-09-04 03:20	  547.51	0.1701	0.0721	0.6999	0.0000	0.0000	0.00	0.00
2016-09-04 03:30	  540.27	0.1703	0.0719	0.6981	0.0000	0.0000	0.00	0.00
2016-09-04 03:40	  533.24	0.1705	0.0717	0.6962	0.0000	0.0000	0.00	0.00
2016-09-04 03:50	   526.4	0.1708	0.0715	0.6944	0.0000	0.0000	0.00	0.00
2016-09-04 04:00	  519.76	0.1710	0.0713	0.6926	0.0000	0.0000	0.00	0.00
2016-09-04 04:10	  513.29	0.1712	0.0712	0.6908	0.0000	0.0000	0.00	0.00
2016-09-04 04:20	     507	0.1714	0.0710	0.6890	0.0000	0.0000	0.00	0.00
2016-09-04 04:30	  500.87	0.1716	0.0708	0.6872	0.0000	0.0000	0.00	0.00
2016-09-04 04:40	   494.9	0.1718	0.0706	0.6854	0.0000	0.0000	0.00	0.00
2016-09-04 04:50	  489.09	0.1721	0.0704	0.6836	0.0000	0.0000	0.00	0.00
2016-09-04 05:00	  483.43	0.1723	0.0702	0.6818	0.0000	0.0000	0.00	0.00
2016-09-04 05:10	  477.91	0.1725	0.0700	0.6800	0.0000	0.0000	0.00	0.00
2016-09-04 05:20	  472.52	0.1727	0.0699	0.6782	0.0000	0.0000	0.00	0.00
2016-09-04 05:30	  467.27	0.1729	0.0697	0.6765	0.0000	0.0000	0.00	0.00
2016-09-04 05:40	  462.14	0.1731	0.0695	0.6747	0.0000	0.0000	0.00	0.00
2016-09-04 05:50	  457.13	0.1733	0.0693	0.6729	0.0000	0.0000	0.00	0.00
2016-09-04 06:00	  452.24	0.1735	0.0691	0.6712	0.0000	0.0000	0.00	0.00
2016-09-04 06:10	  447.45	0.1737	0.0690	0.6694	0.0000	0.0000	0.00	0.00
2016-09-04 06:20	  442.78	0.1740	0.0688	0.6677	0.0000	0.0000	0.00	0.00
2016-09-04 06:30	  438.21	0.1742	0.0686	0.6659	0.0000	0.0000	0.00	0.00
2016-09-04 06:40	  433.74	0.1744	0.0684	0.6642	0.0000	0.0000	0.00	0.00
2016-09-04 06:50	  429.37	0.1746	0.0682	0.6625	0.0000	0.0000	0.00	0.00
2016-09-04 07:00	  425.09	0.1748	0.0681	0.6607	0.0000	0.0000	0.00	0.00
2016-09-04 07:10	   420.9	0.1750	0.0679	0.6590	0.0000	0.0000	0.00	0.00
2016-09-04 07:20	  416.79	0.1752	0.0677	0.6573	0.0000	0.0000	0.00	0.00
2016-09-04 07:30	  412.77	0.1754	0.0675	0.6556	0.0000	0.0000	0.00	0.00
2016-09-04 07:40	  408.84	0.1756	0.0673	0.6538	0.0000	0.0000	0.00	0.00
2016-09-04 07:50	  404.98	0.1758	0.0672	0.6521	0.0000	0.0000	0.00	0.00
2016-09-04 08:00	   401.2	0.1760	0.0670	0.6504	0.0000	0.0000	0.00	0.00
2016-09-04 08:10	  397.49	0.1762	0.0668	0.6487	0.0000	0.0000	0.00	0.00
2016-09-04 08:20	  393.85	0.1764	0.0666	0.6470	0.0000	0.0000	0.00	0.00
2016-09-04 08:30	  390.29	0.1766	0.0665	0.6453	0.0000	0.0000	0.00	0.00
2016-09-04 08:40	  386.79	0.1768	0.0663	0.6437	0.0000	0.0000	0.00	0.00
2016-09-04 08:50	  383.36	0.1770	0.0661	0.6420	0.0000	0.0000	0.00	0.00
2016-09-04 09:00	  379.99	0.1772	0.0660	0.6403	0.0000	0.0000	0.00	0.00
2016-09-04 09:10	  376.68	0.1774	0.0658	0.6386	0.0000	0.0000	0.00	0.00
2016-09-04 09:20	  373.44	0.1776	0.0656	0.6370	0.0000	0.0000	0.00	0.00
2016-09-04 09:30	  370.25	0.1778	0.0654	0.6353	0.0000	0.0000	0.00	0.00
2016-09-04 09:40	  367.12	0.1780	0.0653	0.6336	0.0000	0.0000	0.00	0.00
2016-09-04 09:50	  364.04	0.1782	0.0651	0.6320	0.0000	0.0000	0.00	0.00
2016-09-04 10:00	  361.02	0.1784	0.0649	0.6303	0.0000	0.0000	0.00	0.00
2016-09-04 10:10	  358.05	0.1786	0.0648	0.6287	0.0000	0.0000	0.00	0.00
2016-09-04 10:20	  355.13	0.1788	0.0646	0.6270	0.0000	0.0000	0.00	0.00
2016-09-04 10:30	  352.25	0.1790	0.0644	0.6254	0.0000	0.0000	0.00	0.00
2016-09-04 10:40	  349.43	0.1792	0.0642	0.6238	0.0000	0.0000	0.00	0.00
2016-09-04 10:50	  346.65	0.1794	0.0641	0.6221	0.0000	0.0000	0.00	0.00
2016-09-04 11:00	  343.92	0.1796	0.0639	0.6205	0.0000	0.0000	0.00	0.00
2016-09-04 11:10	  341.23	0.1798	0.0637	0.6189	0.0000	0.0000	0.00	0.00
2016-09-04 11:20	  338.58	0.1800	0.0636	0.6173	0.0000	0.0000	0.00	0.00
2016-09-04 11:30	  335.97	0.1801	0.0634	0.6156	0.0000	0.0000	0.00	0.00
2016-09-04 11:40	   333.4	0.1803	0.0632	0.6140	0.0000	0.0000	0.00	0.00
2016-09-04 11:50	  330.88	0.1805	0.0631	0.6124	0.0000	0.0000	0.00	0.00
2016-09-04 12:00	  328.38	0.1807	0.0629	0.6108	0.0000	0.0000	0.00	0.00
2016-09-04 12:10	  325.93	0.1809	0.0628	0.6092	0.0000	0.0000	0.00	0.00
2016-09-04 12:20	  323.51	0.1811	0.0626	0.6076	0.0000	0.0000	0.00	0.00
2016-09-04 12:30	  321.13	0.1813	0.0624	0.6061	0.0000	0.0001	0.00	0.00
2016-09-04 12:40	  318.78	0.1815	0.0623	0.6045	0.0000	0.0004	0.00	0.00
2016-09-04 12:50	  316.47	0.1817	0.0621	0.6029	0.0000	0.0008	0.00	0.00
2016-09-04 13:00	  314.18	0.1818	0.0619	0.6013	0.0000	0.0006	0.00	0.00
2016-09-04 13:10	  311.93	0.1820	0.0618	0.5997	0.0000	0.0000	0.00	0.00
2016-09-04 13:20	  309.71	0.1822	0.0616	0.5982	0.0000	0.0000	0.00	0.00
2016-09-04 13:30	  307.52	0.1824	0.0615	0.5966	0.0000	0.0000	0.00	0.00
2016-09-04 13:40	  305.36	0.1826	0.0613	0.5951	0.0000	0.0000	0.00	0.00
2016-09-04 13:50	  303.23	0.1828	0.0611	0.5935	0.0000	0.0000	0.00	0.00
2016-09-04 14:00	  301.13	0.1830	0.0610	0.5919	0.0000	0.0000	0.00	0.00
2016-09-04 14:10	  299.05	0.1831	0.0608	0.5904	0.0000	0.0000	0.00	0.00
2016-09-04 14:20	     297	0.1833	0.0607	0.5889	0.0000	0.0000	0.00	0.00
2016-09-04 14:30	  294.98	0.1835	0.0605	0.5873	0.0000	0.0000	0.00	0.00
2016-09-04 14:40	  292.99	0.1837	0.0603	0.5858	0.0000	0.0000	0.00	0.00
2016-09-04 14:50	  291.02	0.1839	0.0602	0.5843	0.0000	0.0000	0.00	0.00
2016-09-04 15:00	  289.07	0.1840	0.0600	0.5827	0.0000	0.0000	0.00	0.00
2016-09-04 15:10	  287.15	0.1842	0.0599	0.5812	0.0000	0.0000	0.00	0.00
2016-09-04 15:20	  285.26	0.1844	0.0597	0.5797	0.0000	0.0000	0.00	0.00
2016-09-04 15:30	  283.39	0.1846	0.0596	0.5782	0.0000	0.0000	0.00	0.00
2016-09-04 15:40	  281.54	0.1848	0.0594	0.5767	0.0000	0.0000	0.00	0.00
2016-09-04 15:50	  279.71	0.1849	0.0592	0.5751	0.0000	0.0000	0.00	0.00
2016-09-04 16:00	  277.91	0.1851	0.0591	0.5736	0.0000	0.0000	0.00	0.00
2016-09-04 16:10	  276.13	0.1853	0.0589	0.5721	0.0000	0.0000	0.00	0.00
2016-09-04 16:20	  274.38	0.1855	0.0588	0.5706	0.0000	0.0000	0.00	0.00
2016-09-04 16:30	  272.64	0.1856	0.0586	0.5692	0.0000	0.0000	0.00	0.00
2016-09-04 16:40	  270.93	0.1858	0.0585	0.5677	0.0000	0.0000	0.00	0.00
2016-09-04 16:50	  269.24	0.1860	0.0583	0.5662	0.0000	0.0000	0.00	0.00
2016-09-04 17:00	  267.56	0.1862	0.0582	0.5647	0.0000	0.0000	0.00	0.00
2016-09-04 17:10	  265.91	0.1863	0.0580	0.5632	0.0000	0.0000	0.00	0.00
2016-09-04 17:20	  264.28	0.1865	0.0579	0.5618	0.0000	0.0000	0.00	0.00
2016-09-04 17:30	  262.67	0.1867	0.0577	0.5603	0.0000	0.0000	0.00	0.00
2016-09-04 17:40	  261.08	0.1869	0.0576	0.5588	0.0000	0.0000	0.00	0.00
2016-09-04 17:50	  259.51	0.1870	0.0574	0.5574	0.0000	0.0000	0.00	0.00
2016-09-04 18:00	  257.95	0.1872	0.0573	0.5559	0.0000	0.0000	0.00	0.00
2016-09-04 18:10	  256.42	0.1874	0.0571	0.5545	0.0000	0.0000	0.00	0.00
2016-09-04 18:20	   254.9	0.1876	0.0570	0.5530	0.0000	0.0000	0.00	0.00
2016-09-04 18:30	  253.41	0.1877	0.0568	0.5516	0.0000	0.0000	0.00	0.00
2016-09-04 18:40	  251.93	0.1879	0.0567	0.5501	0.0000	0.0000	0.00	0.00
2016-09-04 18:50	  250.47	0.1881	0.0565	0.5487	0.0000	0.0000	0.00	0.00
2016-09-04 19:00	  249.02	0.1882	0.0564	0.5472	0.0000	0.0000	0.00	0.00
2016-09-04 19:10	   247.6	0.1884	0.0562	0.5458	0.0000	0.0000	0.00	0.00
2016-09-04 19:20	  246.19	0.1886	0.0561	0.5444	0.0000	0.0000	0.00	0.00
2016-09-04 19:30	   244.8	0.1887	0.0559	0.5430	0.0000	0.0000	0.00	0.00
2016-09-04 19:40	  243.42	0.1889	0.0558	0.5415	0.0000	0.0000	0.00	0.00
2016-09-04 19:50	  242.07	0.1891	0.0556	0.5401	0.0000	0.0000	0.00	0.00
2016-09-04 20:00	  240.73	0.1892	0.0555	0.5387	0.0000	0.0000	0.00	0.00
2016-09-04 20:10	   239.4	0.1894	0.0553	0.5373	0.0000	0.0000	0.00	0.00
2016-09-04 20:20	   238.1	0.1896	0.0552	0.5359	0.0000	0.0000	0.00	0.00
2016-09-04 20:30	  236.81	0.1897	0.0551	0.5345	0.0000	0.0000	0.00	0.00
2016-09-04 20:40	  235.53	0.1899	0.0549	0.5331	0.0000	0.0000	0.00	0.00
2016-09-04 20:50	  234.28	0.1901	0.0548	0.5317	0.0000	0.0000	0.00	0.00
2016-09-04 21:00	  233.04	0.1902	0.0546	0.5303	0.0000	0.0000	0.00	0.00
2016-09-04 21:10	  231.81	0.1904	0.0545	0.5289	0.0000	0.0000	0.00	0.00
2016-09-04 21:20	  230.61	0.1905	0.0543	0.5276	0.0000	0.0000	0.00	0.00
2016-09-04 21:30	  229.42	0.1907	0.0542	0.5262	0.0000	0.0000	0.00	0.00
2016-09-04 21:40	  228.24	0.1909	0.0541	0.5248	0.0000	0.0000	0.00	0.00
2016-09-04 21:50	  227.09	0.1910	0.0539	0.5234	0.0000	0.0000	0.00	0.00
2016-09-04 22:00	  225.94	0.1912	0.0538	0.5221	0.0000	0.0000	0.00	0.00
2016-09-04 22:10	  224.82	0.1914	0.0536	0.5207	0.0000	0.0000	0.00	0.00
2016-09-04 22:20	  223.71	0.1915	0.0535	0.5193	0.0000	0.0000	0.00	0.00
2016-09-04 22:30	  222.62	0.1917	0.0534	0.5180	0.0000	0.0000	0.00	0.00
2016-09-04 22:40	  221.54	0.1918	0.0532	0.5166	0.0000	0.0000	0.00	0.00
2016-09-04 22:50	  220.48	0.1920	0.0531	0.5153	0.0000	0.0000	0.00	0.00
2016-09-04 23:00	  219.43	0.1922	0.0529	0.5139	0.0000	0.0000	0.00	0.00
2016-09-04 23:10	  218.39	0.1923	0.0528	0.5126	0.0000	0.0000	0.00	0.00
2016-09-04 23:20	  217.37	0.1925	0.0527	0.5112	0.0000	0.0000	0.00	0.00
2016-09-04 23:30	  216.37	0.1926	0.0525	0.5099	0.0000	0.0000	0.00	0.00
2016-09-04 23:40	  215.38	0.1928	0.0524	0.5086	0.0000	0.0000	0.00	0.00
2016-09-04 23:50	   214.4	0.1929	0.0522	0.5072	0.0000	0.0000	0.00	0.00
